

#################################################################

############## zoe - 02/14/20 17:54:01 EST -0500 ##############

#################################################################


GitHub:

Already up to date.

*** Please tell me who you are.

Run

  git config --global user.email "you@example.com"
  git config --global user.name "Your Name"

to set your account's default identity.
Omit --global to set the identity only in this repository.

fatal: unable to auto-detect email address (got 'scc@zoe.(none)')


#################################################################

############## zoe - 02/14/20 17:54:53 EST -0500 ##############

#################################################################


GitHub:

Already up to date.
[zoe-data 74f9758] 02/14/20 17:54:53 EST -0500: Git Backup
 1 file changed, 17 insertions(+)
 create mode 100644 ping.data


#################################################################

############## zoe - 02/14/20 17:55:40 EST -0500 ##############

#################################################################


GitHub:

Already up to date.
[zoe-data e737e68] 02/14/20 17:55:40 EST -0500: Git Backup
 1 file changed, 16 insertions(+), 17 deletions(-)
 rewrite ping.data (84%)
To https://github.com/CareyLabVT/SCCData.git
   6b637ac..e737e68  zoe-data -> zoe-data


Gateway:

Already up to date.
[zoe-logs bf38d30] 02/14/20 17:55:40 EST -0500: Logs
 2 files changed, 77 insertions(+)
 create mode 100644 autossh.log
 create mode 100644 git.log
To https://github.com/CareyLabVT/SCCData.git
   6b637ac..bf38d30  zoe-logs -> zoe-logs
[zoe-logs ad5031b] 02/14/20 17:55:40 EST -0500: Logs
 1 file changed, 6 insertions(+)
To https://github.com/CareyLabVT/SCCData.git
   bf38d30..ad5031b  zoe-logs -> zoe-logs


#################################################################

############## zoe - 02/14/20 18:02:28 EST -0500 ##############

#################################################################


GitHub:

Warning: Permanently added 'github.com,192.30.253.112' (RSA) to the list of known hosts.
Already up to date.
On branch zoe-data
Your branch is up to date with 'origin/zoe-data'.

nothing to commit, working tree clean
Everything up-to-date


Gateway:

Already up to date.
[zoe-logs 7f2d898] 02/14/20 18:02:28 EST -0500: Logs
 2 files changed, 29 insertions(+)
To github.com:CareyLabVT/SCCData.git
   ad5031b..7f2d898  zoe-logs -> zoe-logs
